<?xml version="1.0" encoding="UTF-8"?>
<!-- Generated by org.testng.reporters.JUnitXMLReporter -->
<testsuite hostname="DESKTOP-EB8NN01" ignored="0" name="Default test" tests="4" failures="0" timestamp="2020-07-17T23:34:50 PDT" time="161.162" errors="0">
  <testcase name="Cart" time="37.813" classname="selenium.AddtoCart"/>
  <testcase name="login" time="11.572" classname="selenium.LoginTest"/>
  <testcase name="signUp" time="13.995" classname="selenium.SignUpTest"/>
  <testcase name="productSearch" time="25.13" classname="selenium.SearchTest"/>
</testsuite> <!-- Default test -->
